<?xml version="1.0" encoding="UTF-8"?>
<!-- Generated by org.testng.reporters.JUnitReportReporter -->
<testsuite skipped="0" hostname="Admin-PC" name="basicjava.NewTest" tests="1" failures="0" timestamp="12 Apr 2019 11:36:31 GMT" time="0.007" errors="0">
  <testcase name="f" time="0.007" classname="basicjava.NewTest"/>
</testsuite> <!-- basicjava.NewTest -->
