<?xml version="1.0" encoding="UTF-8"?>
<!-- Generated by org.testng.reporters.JUnitReportReporter -->
<testsuite skipped="0" hostname="admin-PC" name="smokeTest.OpenProductItem" tests="2" failures="0" timestamp="31 Dec 2018 06:44:32 GMT" time="137.044" errors="0">
  <testcase name="script1" time="62.509" classname="smokeTest.OpenProductItem"/>
  <testcase name="script2" time="74.535" classname="smokeTest.OpenProductItem"/>
</testsuite> <!-- smokeTest.OpenProductItem -->
