<?xml version="1.0" encoding="UTF-8"?>
<!-- Generated by org.testng.reporters.JUnitReportReporter -->
<testsuite skipped="0" hostname="Admin-PC" name="smokeTest.SmokeTestPayPalTextBox" tests="1" failures="0" timestamp="19 Jan 2019 10:23:40 GMT" time="11.327" errors="0">
  <testcase name="script1" time="11.327" classname="smokeTest.SmokeTestPayPalTextBox"/>
</testsuite> <!-- smokeTest.SmokeTestPayPalTextBox -->
