<?xml version="1.0" encoding="UTF-8"?>
<!-- Generated by org.testng.reporters.JUnitReportReporter -->
<testsuite skipped="0" hostname="admin-PC" name="functionality.FunctionalityProductReview" tests="2" failures="0" timestamp="01 Jan 2019 05:40:26 GMT" time="547.404" errors="0">
  <testcase name="withLogin" time="288.224" classname="functionality.FunctionalityProductReview"/>
  <testcase name="withoutLogin" time="259.180" classname="functionality.FunctionalityProductReview"/>
</testsuite> <!-- functionality.FunctionalityProductReview -->
