<?xml version="1.0" encoding="UTF-8"?>
<!-- Generated by org.testng.reporters.JUnitReportReporter -->
<testsuite skipped="0" hostname="admin-PC" name="smokeTest.SmokeTestSearchaniesExtention" tests="3" failures="0" timestamp="01 Jan 2019 05:40:26 GMT" time="117.077" errors="0">
  <testcase name="script1" time="43.225" classname="smokeTest.SmokeTestSearchaniesExtention"/>
  <testcase name="script2" time="38.021" classname="smokeTest.SmokeTestSearchaniesExtention"/>
  <testcase name="script3" time="35.831" classname="smokeTest.SmokeTestSearchaniesExtention"/>
</testsuite> <!-- smokeTest.SmokeTestSearchaniesExtention -->
