<?xml version="1.0" encoding="UTF-8"?>
<!-- Generated by org.testng.reporters.JUnitReportReporter -->
<testsuite skipped="0" hostname="admin-PC" name="smokeTest.SmokeTestProductItem" tests="2" failures="0" timestamp="01 Jan 2019 05:40:26 GMT" time="113.863" errors="0">
  <testcase name="script2" time="72.221" classname="smokeTest.SmokeTestProductItem"/>
  <testcase name="script1" time="41.642" classname="smokeTest.SmokeTestProductItem"/>
</testsuite> <!-- smokeTest.SmokeTestProductItem -->
